C51 COMPILER V9.01   MAIN                                                                  12/11/2018 12:24:54 PAGE 1   


C51 COMPILER V9.01, COMPILATION OF MODULE MAIN
OBJECT MODULE PLACED IN main.OBJ
COMPILER INVOKED BY: C:\Program Files\C51\BIN\C51.EXE main.c BROWSE DEBUG OBJECTEXTEND

line level    source

   1                              /*12Mhz晶振工作*/
   2          #include <reg51.h>
   3          #define uint unsigned int
   4          #define uchar unsigned char
   5          sbit Beep=P1^6;
   6          sbit gnd=P1^7;
   7          char muse=0;
   8          char m;
   9          char receiveData;
  10          char muzeNumber;
  11          uchar code sound[]={0xff,0x60,0x55,0x4c,0x48,0x40,0x39,0x33,
  12                                                  0x30,0x2b,0x26,0x24,0x20,0x1c,0x19,
  13                                                  0x18,0x15,0x13,0x12,0x10,0x0e,0x0d,
  14                             };
  15          char status=0;
  16          void delay (unsigned char m)   //控制频率延时    
  17          {   
  18   1       unsigned i=3*m;   
  19   1       while(--i);   
  20   1      }
  21          void UsartInit()
  22          {
  23   1              SCON=0X50;                      //设置为工作方式1
  24   1              TMOD=0X20;                      //设置计数器工作方式2
  25   1              PCON=0X80;                      //波特率加倍
  26   1              TH1=0XF3;                               //计数器初始值设置，注意波特率是4800的
  27   1              TL1=0XF3;
  28   1              ES=1;                                           //打开接收中断
  29   1              EA=1;                                           //打开总中断
  30   1              TR1=1;                                  //打开计数器
  31   1      }
  32          void playMusic(){
  33   1              m=sound[muse];
  34   1              while(1) { if(status==1) {Beep=~Beep,delay(m);}}
  35   1              }
  36          void main()
  37          {
  38   1              gnd=0;  
  39   1              UsartInit();  //        串口初始化
  40   1              while(1){
  41   2                      playMusic();
  42   2                      }               
  43   1      }
  44          /*******************************************************************************
  45          * 函数名         : Usart() interrupt 4
  46          * 函数功能                : 串口通信中断函数
  47          * 输入           : 无
  48          * 输出           : 无
  49          *******************************************************************************/
  50          void Usart() interrupt 4
  51          {
  52   1      
  53   1              receiveData=SBUF;//出去接收到的数据
  54   1              RI = 0;//清除接收中断标志位
  55   1              if(receiveData>=48 && receiveData<=55)
C51 COMPILER V9.01   MAIN                                                                  12/11/2018 12:24:54 PAGE 2   

  56   1                      {m=sound[receiveData-48];status=1;}
  57   1              else if(receiveData>=97 && receiveData<=110)
  58   1                      {m=sound[receiveData-89];status=1;}
  59   1              else
  60   1                      status=0;
  61   1      
  62   1      }


MODULE INFORMATION:   STATIC OVERLAYABLE
   CODE SIZE        =    199    ----
   CONSTANT SIZE    =     22    ----
   XDATA SIZE       =   ----    ----
   PDATA SIZE       =   ----    ----
   DATA SIZE        =      5    ----
   IDATA SIZE       =   ----    ----
   BIT SIZE         =   ----    ----
END OF MODULE INFORMATION.


C51 COMPILATION COMPLETE.  0 WARNING(S),  0 ERROR(S)
